This is pdfTeX, Version 3.14159265-2.6-1.40.19 (TeX Live 2018) (preloaded format=pdflatex 2024.7.25)  21 JAN 2025 10:02
entering extended mode
 restricted \write18 enabled.
 %&-line parsing enabled.
**Figure_Polarization_curves.tex
(./Figure_Polarization_curves.tex
LaTeX2e <2017-04-15>
Babel <3.17> and hyphenation patterns for 3 language(s) loaded.
\gptboxheight=\skip41
\gptboxwidth=\skip42
\gptboxtext=\box26
! Undefined control sequence.
l.84     \definecolor
                     {tbcol}{rgb}{1,1,1}%
? exit()
 
Here is how much of TeX's memory you used:
 27 strings out of 494917
 442 string characters out of 6180699
 46145 words of memory out of 5000000
 3444 multiletter control sequences out of 15000+600000
 3945 words of font info for 15 fonts, out of 8000000 for 9000
 14 hyphenation exceptions out of 8191
 12i,0n,12p,106b,85s stack positions out of 5000i,500n,10000p,200000b,80000s
No pages of output.
PDF statistics:
 0 PDF objects out of 1000 (max. 8388607)
 0 named destinations out of 1000 (max. 500000)
 1 words of extra memory for PDF output out of 10000 (max. 10000000)

