

*******************************************************************************
Mon May  5 17:14:14 2025


FIT:    data read from "<paste PZCs.txt HBEs.txt volmers.txt" u 1:2:3
        format = x:y:z
        #datapoints = 8
        residuals are weighted equally (unit weight)

function used for fitting: f2(x,y)
	f2(x,y)=f22*(-0.58*(x-4.4)+y)+f23
fitted parameters initialized with current variable values

iter      chisq       delta/lim  lambda   f22           f23          
   0 1.0620960428e+00   0.00e+00  7.86e-01    1.000000e+00   1.000000e+00
   4 1.1886008178e-02  -4.71e-09  7.86e-05    4.122615e-01   8.335524e-01

After 4 iterations the fit converged.
final sum of squares of residuals : 0.011886
rel. change during last iteration : -4.71408e-14

degrees of freedom    (FIT_NDF)                        : 6
rms of residuals      (FIT_STDFIT) = sqrt(WSSR/ndf)    : 0.0445084
variance of residuals (reduced chisquare) = WSSR/ndf   : 0.001981

Final set of parameters            Asymptotic Standard Error
=======================            ==========================
f22             = 0.412262         +/- 0.03342      (8.106%)
f23             = 0.833552         +/- 0.0162       (1.943%)

correlation matrix of the fit parameters:
                f22    f23    
f22             1.000 
f23            -0.237  1.000 


*******************************************************************************
Mon May  5 17:14:14 2025


FIT:    data read from "<paste PZCs.txt HBEs.txt heyrovskys.txt" u 1:2:3
        format = x:y:z
        #datapoints = 8
        residuals are weighted equally (unit weight)

function used for fitting: g2(x,y)
	g2(x,y)=g22*(-0.58*(x-4.4)+y)+g23
fitted parameters initialized with current variable values

iter      chisq       delta/lim  lambda   g22           g23          
   0 5.1172945595e+00   0.00e+00  7.86e-01    1.000000e+00   1.000000e+00
   4 3.1584661977e-02  -1.64e-08  7.86e-05   -6.766696e-01   1.080915e+00

After 4 iterations the fit converged.
final sum of squares of residuals : 0.0315847
rel. change during last iteration : -1.6433e-13

degrees of freedom    (FIT_NDF)                        : 6
rms of residuals      (FIT_STDFIT) = sqrt(WSSR/ndf)    : 0.0725542
variance of residuals (reduced chisquare) = WSSR/ndf   : 0.00526411

Final set of parameters            Asymptotic Standard Error
=======================            ==========================
g22             = -0.67667         +/- 0.05448      (8.051%)
g23             = 1.08091          +/- 0.0264       (2.443%)

correlation matrix of the fit parameters:
                g22    g23    
g22             1.000 
g23            -0.237  1.000 


*******************************************************************************
Mon May  5 17:14:14 2025


FIT:    data read from "<paste PZCs.txt HBEs.txt tafels.txt" u 1:2:3
        format = x:y:z
        #datapoints = 8
        residuals are weighted equally (unit weight)

function used for fitting: h2(x,y)
	h2(x,y)=h22*(-0.58*(x-4.4)+y)+h23
fitted parameters initialized with current variable values

iter      chisq       delta/lim  lambda   h22           h23          
   0 2.1595005962e+00   0.00e+00  7.86e-01    1.000000e+00   1.000000e+00
   3 2.1742091888e-01  -4.48e-01  7.86e-04    1.536164e-01   8.073629e-01

After 3 iterations the fit converged.
final sum of squares of residuals : 0.217421
rel. change during last iteration : -4.47974e-06

degrees of freedom    (FIT_NDF)                        : 6
rms of residuals      (FIT_STDFIT) = sqrt(WSSR/ndf)    : 0.19036
variance of residuals (reduced chisquare) = WSSR/ndf   : 0.0362368

Final set of parameters            Asymptotic Standard Error
=======================            ==========================
h22             = 0.153616         +/- 0.1429       (93.04%)
h23             = 0.807363         +/- 0.06927      (8.58%)

correlation matrix of the fit parameters:
                h22    h23    
h22             1.000 
h23            -0.237  1.000 


*******************************************************************************
Tue May  6 16:10:38 2025


FIT:    data read from "<paste PZCs.txt HBEs.txt volmers.txt" u 1:2:3
        format = x:y:z
        #datapoints = 8
        residuals are weighted equally (unit weight)

function used for fitting: f2(x,y)
	f2(x,y)=f22*(-0.58*(x-4.4)+y)+f23
fitted parameters initialized with current variable values

iter      chisq       delta/lim  lambda   f22           f23          
   0 1.0620960428e+00   0.00e+00  7.86e-01    1.000000e+00   1.000000e+00
   4 1.1886008178e-02  -4.71e-09  7.86e-05    4.122615e-01   8.335524e-01

After 4 iterations the fit converged.
final sum of squares of residuals : 0.011886
rel. change during last iteration : -4.71408e-14

degrees of freedom    (FIT_NDF)                        : 6
rms of residuals      (FIT_STDFIT) = sqrt(WSSR/ndf)    : 0.0445084
variance of residuals (reduced chisquare) = WSSR/ndf   : 0.001981

Final set of parameters            Asymptotic Standard Error
=======================            ==========================
f22             = 0.412262         +/- 0.03342      (8.106%)
f23             = 0.833552         +/- 0.0162       (1.943%)

correlation matrix of the fit parameters:
                f22    f23    
f22             1.000 
f23            -0.237  1.000 


*******************************************************************************
Tue May  6 16:10:38 2025


FIT:    data read from "<paste PZCs.txt HBEs.txt heyrovskys.txt" u 1:2:3
        format = x:y:z
        #datapoints = 8
        residuals are weighted equally (unit weight)

function used for fitting: g2(x,y)
	g2(x,y)=g22*(-0.58*(x-4.4)+y)+g23
fitted parameters initialized with current variable values

iter      chisq       delta/lim  lambda   g22           g23          
   0 5.1172945595e+00   0.00e+00  7.86e-01    1.000000e+00   1.000000e+00
   4 3.1584661977e-02  -1.64e-08  7.86e-05   -6.766696e-01   1.080915e+00

After 4 iterations the fit converged.
final sum of squares of residuals : 0.0315847
rel. change during last iteration : -1.6433e-13

degrees of freedom    (FIT_NDF)                        : 6
rms of residuals      (FIT_STDFIT) = sqrt(WSSR/ndf)    : 0.0725542
variance of residuals (reduced chisquare) = WSSR/ndf   : 0.00526411

Final set of parameters            Asymptotic Standard Error
=======================            ==========================
g22             = -0.67667         +/- 0.05448      (8.051%)
g23             = 1.08091          +/- 0.0264       (2.443%)

correlation matrix of the fit parameters:
                g22    g23    
g22             1.000 
g23            -0.237  1.000 


*******************************************************************************
Tue May  6 16:10:38 2025


FIT:    data read from "<paste PZCs.txt HBEs.txt tafels.txt" u 1:2:3
        format = x:y:z
        #datapoints = 8
        residuals are weighted equally (unit weight)

function used for fitting: h2(x,y)
	h2(x,y)=h22*(-0.58*(x-4.4)+y)+h23
fitted parameters initialized with current variable values

iter      chisq       delta/lim  lambda   h22           h23          
   0 2.1595005962e+00   0.00e+00  7.86e-01    1.000000e+00   1.000000e+00
   3 2.1742091888e-01  -4.48e-01  7.86e-04    1.536164e-01   8.073629e-01

After 3 iterations the fit converged.
final sum of squares of residuals : 0.217421
rel. change during last iteration : -4.47974e-06

degrees of freedom    (FIT_NDF)                        : 6
rms of residuals      (FIT_STDFIT) = sqrt(WSSR/ndf)    : 0.19036
variance of residuals (reduced chisquare) = WSSR/ndf   : 0.0362368

Final set of parameters            Asymptotic Standard Error
=======================            ==========================
h22             = 0.153616         +/- 0.1429       (93.04%)
h23             = 0.807363         +/- 0.06927      (8.58%)

correlation matrix of the fit parameters:
                h22    h23    
h22             1.000 
h23            -0.237  1.000 


*******************************************************************************
Tue May  6 16:12:11 2025


FIT:    data read from "<paste PZCs.txt HBEs.txt volmers.txt" u 1:2:3
        format = x:y:z
        #datapoints = 8
        residuals are weighted equally (unit weight)

function used for fitting: f2(x,y)
	f2(x,y)=f22*(-0.58*(x-4.4)+y)+f23
fitted parameters initialized with current variable values

iter      chisq       delta/lim  lambda   f22           f23          
   0 1.0620960428e+00   0.00e+00  7.86e-01    1.000000e+00   1.000000e+00
   4 1.1886008178e-02  -4.71e-09  7.86e-05    4.122615e-01   8.335524e-01

After 4 iterations the fit converged.
final sum of squares of residuals : 0.011886
rel. change during last iteration : -4.71408e-14

degrees of freedom    (FIT_NDF)                        : 6
rms of residuals      (FIT_STDFIT) = sqrt(WSSR/ndf)    : 0.0445084
variance of residuals (reduced chisquare) = WSSR/ndf   : 0.001981

Final set of parameters            Asymptotic Standard Error
=======================            ==========================
f22             = 0.412262         +/- 0.03342      (8.106%)
f23             = 0.833552         +/- 0.0162       (1.943%)

correlation matrix of the fit parameters:
                f22    f23    
f22             1.000 
f23            -0.237  1.000 


*******************************************************************************
Tue May  6 16:12:11 2025


FIT:    data read from "<paste PZCs.txt HBEs.txt heyrovskys.txt" u 1:2:3
        format = x:y:z
        #datapoints = 8
        residuals are weighted equally (unit weight)

function used for fitting: g2(x,y)
	g2(x,y)=g22*(-0.58*(x-4.4)+y)+g23
fitted parameters initialized with current variable values

iter      chisq       delta/lim  lambda   g22           g23          
   0 5.1172945595e+00   0.00e+00  7.86e-01    1.000000e+00   1.000000e+00
   4 3.1584661977e-02  -1.64e-08  7.86e-05   -6.766696e-01   1.080915e+00

After 4 iterations the fit converged.
final sum of squares of residuals : 0.0315847
rel. change during last iteration : -1.6433e-13

degrees of freedom    (FIT_NDF)                        : 6
rms of residuals      (FIT_STDFIT) = sqrt(WSSR/ndf)    : 0.0725542
variance of residuals (reduced chisquare) = WSSR/ndf   : 0.00526411

Final set of parameters            Asymptotic Standard Error
=======================            ==========================
g22             = -0.67667         +/- 0.05448      (8.051%)
g23             = 1.08091          +/- 0.0264       (2.443%)

correlation matrix of the fit parameters:
                g22    g23    
g22             1.000 
g23            -0.237  1.000 


*******************************************************************************
Tue May  6 16:12:11 2025


FIT:    data read from "<paste PZCs.txt HBEs.txt tafels.txt" u 1:2:3
        format = x:y:z
        #datapoints = 8
        residuals are weighted equally (unit weight)

function used for fitting: h2(x,y)
	h2(x,y)=h22*(-0.58*(x-4.4)+y)+h23
fitted parameters initialized with current variable values

iter      chisq       delta/lim  lambda   h22           h23          
   0 2.1595005962e+00   0.00e+00  7.86e-01    1.000000e+00   1.000000e+00
   3 2.1742091888e-01  -4.48e-01  7.86e-04    1.536164e-01   8.073629e-01

After 3 iterations the fit converged.
final sum of squares of residuals : 0.217421
rel. change during last iteration : -4.47974e-06

degrees of freedom    (FIT_NDF)                        : 6
rms of residuals      (FIT_STDFIT) = sqrt(WSSR/ndf)    : 0.19036
variance of residuals (reduced chisquare) = WSSR/ndf   : 0.0362368

Final set of parameters            Asymptotic Standard Error
=======================            ==========================
h22             = 0.153616         +/- 0.1429       (93.04%)
h23             = 0.807363         +/- 0.06927      (8.58%)

correlation matrix of the fit parameters:
                h22    h23    
h22             1.000 
h23            -0.237  1.000 


*******************************************************************************
Tue May  6 16:14:56 2025


FIT:    data read from "<paste PZCs.txt HBEs.txt volmers.txt" u 1:2:3
        format = x:y:z
        #datapoints = 8
        residuals are weighted equally (unit weight)

function used for fitting: f2(x,y)
	f2(x,y)=f22*(-0.58*(x-4.4)+y)+f23
fitted parameters initialized with current variable values

iter      chisq       delta/lim  lambda   f22           f23          
   0 1.0620960428e+00   0.00e+00  7.86e-01    1.000000e+00   1.000000e+00
   4 1.1886008178e-02  -4.71e-09  7.86e-05    4.122615e-01   8.335524e-01

After 4 iterations the fit converged.
final sum of squares of residuals : 0.011886
rel. change during last iteration : -4.71408e-14

degrees of freedom    (FIT_NDF)                        : 6
rms of residuals      (FIT_STDFIT) = sqrt(WSSR/ndf)    : 0.0445084
variance of residuals (reduced chisquare) = WSSR/ndf   : 0.001981

Final set of parameters            Asymptotic Standard Error
=======================            ==========================
f22             = 0.412262         +/- 0.03342      (8.106%)
f23             = 0.833552         +/- 0.0162       (1.943%)

correlation matrix of the fit parameters:
                f22    f23    
f22             1.000 
f23            -0.237  1.000 


*******************************************************************************
Tue May  6 16:14:56 2025


FIT:    data read from "<paste PZCs.txt HBEs.txt heyrovskys.txt" u 1:2:3
        format = x:y:z
        #datapoints = 8
        residuals are weighted equally (unit weight)

function used for fitting: g2(x,y)
	g2(x,y)=g22*(-0.58*(x-4.4)+y)+g23
fitted parameters initialized with current variable values

iter      chisq       delta/lim  lambda   g22           g23          
   0 5.1172945595e+00   0.00e+00  7.86e-01    1.000000e+00   1.000000e+00
   4 3.1584661977e-02  -1.64e-08  7.86e-05   -6.766696e-01   1.080915e+00

After 4 iterations the fit converged.
final sum of squares of residuals : 0.0315847
rel. change during last iteration : -1.6433e-13

degrees of freedom    (FIT_NDF)                        : 6
rms of residuals      (FIT_STDFIT) = sqrt(WSSR/ndf)    : 0.0725542
variance of residuals (reduced chisquare) = WSSR/ndf   : 0.00526411

Final set of parameters            Asymptotic Standard Error
=======================            ==========================
g22             = -0.67667         +/- 0.05448      (8.051%)
g23             = 1.08091          +/- 0.0264       (2.443%)

correlation matrix of the fit parameters:
                g22    g23    
g22             1.000 
g23            -0.237  1.000 


*******************************************************************************
Tue May  6 16:14:56 2025


FIT:    data read from "<paste PZCs.txt HBEs.txt tafels.txt" u 1:2:3
        format = x:y:z
        #datapoints = 8
        residuals are weighted equally (unit weight)

function used for fitting: h2(x,y)
	h2(x,y)=h22*(-0.58*(x-4.4)+y)+h23
fitted parameters initialized with current variable values

iter      chisq       delta/lim  lambda   h22           h23          
   0 2.1595005962e+00   0.00e+00  7.86e-01    1.000000e+00   1.000000e+00
   3 2.1742091888e-01  -4.48e-01  7.86e-04    1.536164e-01   8.073629e-01

After 3 iterations the fit converged.
final sum of squares of residuals : 0.217421
rel. change during last iteration : -4.47974e-06

degrees of freedom    (FIT_NDF)                        : 6
rms of residuals      (FIT_STDFIT) = sqrt(WSSR/ndf)    : 0.19036
variance of residuals (reduced chisquare) = WSSR/ndf   : 0.0362368

Final set of parameters            Asymptotic Standard Error
=======================            ==========================
h22             = 0.153616         +/- 0.1429       (93.04%)
h23             = 0.807363         +/- 0.06927      (8.58%)

correlation matrix of the fit parameters:
                h22    h23    
h22             1.000 
h23            -0.237  1.000 


*******************************************************************************
Tue May  6 16:16:18 2025


FIT:    data read from "<paste PZCs.txt HBEs.txt volmers.txt" u 1:2:3
        format = x:y:z
        #datapoints = 8
        residuals are weighted equally (unit weight)

function used for fitting: f2(x,y)
	f2(x,y)=f22*(-0.58*(x-4.4)+y)+f23
fitted parameters initialized with current variable values

iter      chisq       delta/lim  lambda   f22           f23          
   0 1.0620960428e+00   0.00e+00  7.86e-01    1.000000e+00   1.000000e+00
   4 1.1886008178e-02  -4.71e-09  7.86e-05    4.122615e-01   8.335524e-01

After 4 iterations the fit converged.
final sum of squares of residuals : 0.011886
rel. change during last iteration : -4.71408e-14

degrees of freedom    (FIT_NDF)                        : 6
rms of residuals      (FIT_STDFIT) = sqrt(WSSR/ndf)    : 0.0445084
variance of residuals (reduced chisquare) = WSSR/ndf   : 0.001981

Final set of parameters            Asymptotic Standard Error
=======================            ==========================
f22             = 0.412262         +/- 0.03342      (8.106%)
f23             = 0.833552         +/- 0.0162       (1.943%)

correlation matrix of the fit parameters:
                f22    f23    
f22             1.000 
f23            -0.237  1.000 


*******************************************************************************
Tue May  6 16:16:19 2025


FIT:    data read from "<paste PZCs.txt HBEs.txt heyrovskys.txt" u 1:2:3
        format = x:y:z
        #datapoints = 8
        residuals are weighted equally (unit weight)

function used for fitting: g2(x,y)
	g2(x,y)=g22*(-0.58*(x-4.4)+y)+g23
fitted parameters initialized with current variable values

iter      chisq       delta/lim  lambda   g22           g23          
   0 5.1172945595e+00   0.00e+00  7.86e-01    1.000000e+00   1.000000e+00
   4 3.1584661977e-02  -1.64e-08  7.86e-05   -6.766696e-01   1.080915e+00

After 4 iterations the fit converged.
final sum of squares of residuals : 0.0315847
rel. change during last iteration : -1.6433e-13

degrees of freedom    (FIT_NDF)                        : 6
rms of residuals      (FIT_STDFIT) = sqrt(WSSR/ndf)    : 0.0725542
variance of residuals (reduced chisquare) = WSSR/ndf   : 0.00526411

Final set of parameters            Asymptotic Standard Error
=======================            ==========================
g22             = -0.67667         +/- 0.05448      (8.051%)
g23             = 1.08091          +/- 0.0264       (2.443%)

correlation matrix of the fit parameters:
                g22    g23    
g22             1.000 
g23            -0.237  1.000 


*******************************************************************************
Tue May  6 16:16:19 2025


FIT:    data read from "<paste PZCs.txt HBEs.txt tafels.txt" u 1:2:3
        format = x:y:z
        #datapoints = 8
        residuals are weighted equally (unit weight)

function used for fitting: h2(x,y)
	h2(x,y)=h22*(-0.58*(x-4.4)+y)+h23
fitted parameters initialized with current variable values

iter      chisq       delta/lim  lambda   h22           h23          
   0 2.1595005962e+00   0.00e+00  7.86e-01    1.000000e+00   1.000000e+00
   3 2.1742091888e-01  -4.48e-01  7.86e-04    1.536164e-01   8.073629e-01

After 3 iterations the fit converged.
final sum of squares of residuals : 0.217421
rel. change during last iteration : -4.47974e-06

degrees of freedom    (FIT_NDF)                        : 6
rms of residuals      (FIT_STDFIT) = sqrt(WSSR/ndf)    : 0.19036
variance of residuals (reduced chisquare) = WSSR/ndf   : 0.0362368

Final set of parameters            Asymptotic Standard Error
=======================            ==========================
h22             = 0.153616         +/- 0.1429       (93.04%)
h23             = 0.807363         +/- 0.06927      (8.58%)

correlation matrix of the fit parameters:
                h22    h23    
h22             1.000 
h23            -0.237  1.000 


*******************************************************************************
Tue May  6 16:16:40 2025


FIT:    data read from "<paste PZCs.txt HBEs.txt volmers.txt" u 1:2:3
        format = x:y:z
        #datapoints = 8
        residuals are weighted equally (unit weight)

function used for fitting: f2(x,y)
	f2(x,y)=f22*(-0.58*(x-4.4)+y)+f23
fitted parameters initialized with current variable values

iter      chisq       delta/lim  lambda   f22           f23          
   0 1.0620960428e+00   0.00e+00  7.86e-01    1.000000e+00   1.000000e+00
   4 1.1886008178e-02  -4.71e-09  7.86e-05    4.122615e-01   8.335524e-01

After 4 iterations the fit converged.
final sum of squares of residuals : 0.011886
rel. change during last iteration : -4.71408e-14

degrees of freedom    (FIT_NDF)                        : 6
rms of residuals      (FIT_STDFIT) = sqrt(WSSR/ndf)    : 0.0445084
variance of residuals (reduced chisquare) = WSSR/ndf   : 0.001981

Final set of parameters            Asymptotic Standard Error
=======================            ==========================
f22             = 0.412262         +/- 0.03342      (8.106%)
f23             = 0.833552         +/- 0.0162       (1.943%)

correlation matrix of the fit parameters:
                f22    f23    
f22             1.000 
f23            -0.237  1.000 


*******************************************************************************
Tue May  6 16:16:40 2025


FIT:    data read from "<paste PZCs.txt HBEs.txt heyrovskys.txt" u 1:2:3
        format = x:y:z
        #datapoints = 8
        residuals are weighted equally (unit weight)

function used for fitting: g2(x,y)
	g2(x,y)=g22*(-0.58*(x-4.4)+y)+g23
fitted parameters initialized with current variable values

iter      chisq       delta/lim  lambda   g22           g23          
   0 5.1172945595e+00   0.00e+00  7.86e-01    1.000000e+00   1.000000e+00
   4 3.1584661977e-02  -1.64e-08  7.86e-05   -6.766696e-01   1.080915e+00

After 4 iterations the fit converged.
final sum of squares of residuals : 0.0315847
rel. change during last iteration : -1.6433e-13

degrees of freedom    (FIT_NDF)                        : 6
rms of residuals      (FIT_STDFIT) = sqrt(WSSR/ndf)    : 0.0725542
variance of residuals (reduced chisquare) = WSSR/ndf   : 0.00526411

Final set of parameters            Asymptotic Standard Error
=======================            ==========================
g22             = -0.67667         +/- 0.05448      (8.051%)
g23             = 1.08091          +/- 0.0264       (2.443%)

correlation matrix of the fit parameters:
                g22    g23    
g22             1.000 
g23            -0.237  1.000 


*******************************************************************************
Tue May  6 16:16:40 2025


FIT:    data read from "<paste PZCs.txt HBEs.txt tafels.txt" u 1:2:3
        format = x:y:z
        #datapoints = 8
        residuals are weighted equally (unit weight)

function used for fitting: h2(x,y)
	h2(x,y)=h22*(-0.58*(x-4.4)+y)+h23
fitted parameters initialized with current variable values

iter      chisq       delta/lim  lambda   h22           h23          
   0 2.1595005962e+00   0.00e+00  7.86e-01    1.000000e+00   1.000000e+00
   3 2.1742091888e-01  -4.48e-01  7.86e-04    1.536164e-01   8.073629e-01

After 3 iterations the fit converged.
final sum of squares of residuals : 0.217421
rel. change during last iteration : -4.47974e-06

degrees of freedom    (FIT_NDF)                        : 6
rms of residuals      (FIT_STDFIT) = sqrt(WSSR/ndf)    : 0.19036
variance of residuals (reduced chisquare) = WSSR/ndf   : 0.0362368

Final set of parameters            Asymptotic Standard Error
=======================            ==========================
h22             = 0.153616         +/- 0.1429       (93.04%)
h23             = 0.807363         +/- 0.06927      (8.58%)

correlation matrix of the fit parameters:
                h22    h23    
h22             1.000 
h23            -0.237  1.000 


*******************************************************************************
Tue May  6 16:17:44 2025


FIT:    data read from "<paste PZCs.txt HBEs.txt volmers.txt" u 1:2:3
        format = x:y:z
        #datapoints = 8
        residuals are weighted equally (unit weight)

function used for fitting: f2(x,y)
	f2(x,y)=f22*(-0.58*(x-4.4)+y)+f23
fitted parameters initialized with current variable values

iter      chisq       delta/lim  lambda   f22           f23          
   0 1.0620960428e+00   0.00e+00  7.86e-01    1.000000e+00   1.000000e+00
   4 1.1886008178e-02  -4.71e-09  7.86e-05    4.122615e-01   8.335524e-01

After 4 iterations the fit converged.
final sum of squares of residuals : 0.011886
rel. change during last iteration : -4.71408e-14

degrees of freedom    (FIT_NDF)                        : 6
rms of residuals      (FIT_STDFIT) = sqrt(WSSR/ndf)    : 0.0445084
variance of residuals (reduced chisquare) = WSSR/ndf   : 0.001981

Final set of parameters            Asymptotic Standard Error
=======================            ==========================
f22             = 0.412262         +/- 0.03342      (8.106%)
f23             = 0.833552         +/- 0.0162       (1.943%)

correlation matrix of the fit parameters:
                f22    f23    
f22             1.000 
f23            -0.237  1.000 


*******************************************************************************
Tue May  6 16:17:44 2025


FIT:    data read from "<paste PZCs.txt HBEs.txt heyrovskys.txt" u 1:2:3
        format = x:y:z
        #datapoints = 8
        residuals are weighted equally (unit weight)

function used for fitting: g2(x,y)
	g2(x,y)=g22*(-0.58*(x-4.4)+y)+g23
fitted parameters initialized with current variable values

iter      chisq       delta/lim  lambda   g22           g23          
   0 5.1172945595e+00   0.00e+00  7.86e-01    1.000000e+00   1.000000e+00
   4 3.1584661977e-02  -1.64e-08  7.86e-05   -6.766696e-01   1.080915e+00

After 4 iterations the fit converged.
final sum of squares of residuals : 0.0315847
rel. change during last iteration : -1.6433e-13

degrees of freedom    (FIT_NDF)                        : 6
rms of residuals      (FIT_STDFIT) = sqrt(WSSR/ndf)    : 0.0725542
variance of residuals (reduced chisquare) = WSSR/ndf   : 0.00526411

Final set of parameters            Asymptotic Standard Error
=======================            ==========================
g22             = -0.67667         +/- 0.05448      (8.051%)
g23             = 1.08091          +/- 0.0264       (2.443%)

correlation matrix of the fit parameters:
                g22    g23    
g22             1.000 
g23            -0.237  1.000 


*******************************************************************************
Tue May  6 16:17:44 2025


FIT:    data read from "<paste PZCs.txt HBEs.txt tafels.txt" u 1:2:3
        format = x:y:z
        #datapoints = 8
        residuals are weighted equally (unit weight)

function used for fitting: h2(x,y)
	h2(x,y)=h22*(-0.58*(x-4.4)+y)+h23
fitted parameters initialized with current variable values

iter      chisq       delta/lim  lambda   h22           h23          
   0 2.1595005962e+00   0.00e+00  7.86e-01    1.000000e+00   1.000000e+00
   3 2.1742091888e-01  -4.48e-01  7.86e-04    1.536164e-01   8.073629e-01

After 3 iterations the fit converged.
final sum of squares of residuals : 0.217421
rel. change during last iteration : -4.47974e-06

degrees of freedom    (FIT_NDF)                        : 6
rms of residuals      (FIT_STDFIT) = sqrt(WSSR/ndf)    : 0.19036
variance of residuals (reduced chisquare) = WSSR/ndf   : 0.0362368

Final set of parameters            Asymptotic Standard Error
=======================            ==========================
h22             = 0.153616         +/- 0.1429       (93.04%)
h23             = 0.807363         +/- 0.06927      (8.58%)

correlation matrix of the fit parameters:
                h22    h23    
h22             1.000 
h23            -0.237  1.000 


*******************************************************************************
Tue May  6 16:18:08 2025


FIT:    data read from "<paste PZCs.txt HBEs.txt volmers.txt" u 1:2:3
        format = x:y:z
        #datapoints = 8
        residuals are weighted equally (unit weight)

function used for fitting: f2(x,y)
	f2(x,y)=f22*(-0.58*(x-4.4)+y)+f23
fitted parameters initialized with current variable values

iter      chisq       delta/lim  lambda   f22           f23          
   0 1.0620960428e+00   0.00e+00  7.86e-01    1.000000e+00   1.000000e+00
   4 1.1886008178e-02  -4.71e-09  7.86e-05    4.122615e-01   8.335524e-01

After 4 iterations the fit converged.
final sum of squares of residuals : 0.011886
rel. change during last iteration : -4.71408e-14

degrees of freedom    (FIT_NDF)                        : 6
rms of residuals      (FIT_STDFIT) = sqrt(WSSR/ndf)    : 0.0445084
variance of residuals (reduced chisquare) = WSSR/ndf   : 0.001981

Final set of parameters            Asymptotic Standard Error
=======================            ==========================
f22             = 0.412262         +/- 0.03342      (8.106%)
f23             = 0.833552         +/- 0.0162       (1.943%)

correlation matrix of the fit parameters:
                f22    f23    
f22             1.000 
f23            -0.237  1.000 


*******************************************************************************
Tue May  6 16:18:08 2025


FIT:    data read from "<paste PZCs.txt HBEs.txt heyrovskys.txt" u 1:2:3
        format = x:y:z
        #datapoints = 8
        residuals are weighted equally (unit weight)

function used for fitting: g2(x,y)
	g2(x,y)=g22*(-0.58*(x-4.4)+y)+g23
fitted parameters initialized with current variable values

iter      chisq       delta/lim  lambda   g22           g23          
   0 5.1172945595e+00   0.00e+00  7.86e-01    1.000000e+00   1.000000e+00
   4 3.1584661977e-02  -1.64e-08  7.86e-05   -6.766696e-01   1.080915e+00

After 4 iterations the fit converged.
final sum of squares of residuals : 0.0315847
rel. change during last iteration : -1.6433e-13

degrees of freedom    (FIT_NDF)                        : 6
rms of residuals      (FIT_STDFIT) = sqrt(WSSR/ndf)    : 0.0725542
variance of residuals (reduced chisquare) = WSSR/ndf   : 0.00526411

Final set of parameters            Asymptotic Standard Error
=======================            ==========================
g22             = -0.67667         +/- 0.05448      (8.051%)
g23             = 1.08091          +/- 0.0264       (2.443%)

correlation matrix of the fit parameters:
                g22    g23    
g22             1.000 
g23            -0.237  1.000 


*******************************************************************************
Tue May  6 16:18:08 2025


FIT:    data read from "<paste PZCs.txt HBEs.txt tafels.txt" u 1:2:3
        format = x:y:z
        #datapoints = 8
        residuals are weighted equally (unit weight)

function used for fitting: h2(x,y)
	h2(x,y)=h22*(-0.58*(x-4.4)+y)+h23
fitted parameters initialized with current variable values

iter      chisq       delta/lim  lambda   h22           h23          
   0 2.1595005962e+00   0.00e+00  7.86e-01    1.000000e+00   1.000000e+00
   3 2.1742091888e-01  -4.48e-01  7.86e-04    1.536164e-01   8.073629e-01

After 3 iterations the fit converged.
final sum of squares of residuals : 0.217421
rel. change during last iteration : -4.47974e-06

degrees of freedom    (FIT_NDF)                        : 6
rms of residuals      (FIT_STDFIT) = sqrt(WSSR/ndf)    : 0.19036
variance of residuals (reduced chisquare) = WSSR/ndf   : 0.0362368

Final set of parameters            Asymptotic Standard Error
=======================            ==========================
h22             = 0.153616         +/- 0.1429       (93.04%)
h23             = 0.807363         +/- 0.06927      (8.58%)

correlation matrix of the fit parameters:
                h22    h23    
h22             1.000 
h23            -0.237  1.000 


*******************************************************************************
Tue May  6 16:19:21 2025


FIT:    data read from "<paste PZCs.txt HBEs.txt volmers.txt" u 1:2:3
        format = x:y:z
        #datapoints = 8
        residuals are weighted equally (unit weight)

function used for fitting: f2(x,y)
	f2(x,y)=f22*(-0.58*(x-4.4)+y)+f23
fitted parameters initialized with current variable values

iter      chisq       delta/lim  lambda   f22           f23          
   0 1.0620960428e+00   0.00e+00  7.86e-01    1.000000e+00   1.000000e+00
   4 1.1886008178e-02  -4.71e-09  7.86e-05    4.122615e-01   8.335524e-01

After 4 iterations the fit converged.
final sum of squares of residuals : 0.011886
rel. change during last iteration : -4.71408e-14

degrees of freedom    (FIT_NDF)                        : 6
rms of residuals      (FIT_STDFIT) = sqrt(WSSR/ndf)    : 0.0445084
variance of residuals (reduced chisquare) = WSSR/ndf   : 0.001981

Final set of parameters            Asymptotic Standard Error
=======================            ==========================
f22             = 0.412262         +/- 0.03342      (8.106%)
f23             = 0.833552         +/- 0.0162       (1.943%)

correlation matrix of the fit parameters:
                f22    f23    
f22             1.000 
f23            -0.237  1.000 


*******************************************************************************
Tue May  6 16:19:21 2025


FIT:    data read from "<paste PZCs.txt HBEs.txt heyrovskys.txt" u 1:2:3
        format = x:y:z
        #datapoints = 8
        residuals are weighted equally (unit weight)

function used for fitting: g2(x,y)
	g2(x,y)=g22*(-0.58*(x-4.4)+y)+g23
fitted parameters initialized with current variable values

iter      chisq       delta/lim  lambda   g22           g23          
   0 5.1172945595e+00   0.00e+00  7.86e-01    1.000000e+00   1.000000e+00
   4 3.1584661977e-02  -1.64e-08  7.86e-05   -6.766696e-01   1.080915e+00

After 4 iterations the fit converged.
final sum of squares of residuals : 0.0315847
rel. change during last iteration : -1.6433e-13

degrees of freedom    (FIT_NDF)                        : 6
rms of residuals      (FIT_STDFIT) = sqrt(WSSR/ndf)    : 0.0725542
variance of residuals (reduced chisquare) = WSSR/ndf   : 0.00526411

Final set of parameters            Asymptotic Standard Error
=======================            ==========================
g22             = -0.67667         +/- 0.05448      (8.051%)
g23             = 1.08091          +/- 0.0264       (2.443%)

correlation matrix of the fit parameters:
                g22    g23    
g22             1.000 
g23            -0.237  1.000 


*******************************************************************************
Tue May  6 16:19:21 2025


FIT:    data read from "<paste PZCs.txt HBEs.txt tafels.txt" u 1:2:3
        format = x:y:z
        #datapoints = 8
        residuals are weighted equally (unit weight)

function used for fitting: h2(x,y)
	h2(x,y)=h22*(-0.58*(x-4.4)+y)+h23
fitted parameters initialized with current variable values

iter      chisq       delta/lim  lambda   h22           h23          
   0 2.1595005962e+00   0.00e+00  7.86e-01    1.000000e+00   1.000000e+00
   3 2.1742091888e-01  -4.48e-01  7.86e-04    1.536164e-01   8.073629e-01

After 3 iterations the fit converged.
final sum of squares of residuals : 0.217421
rel. change during last iteration : -4.47974e-06

degrees of freedom    (FIT_NDF)                        : 6
rms of residuals      (FIT_STDFIT) = sqrt(WSSR/ndf)    : 0.19036
variance of residuals (reduced chisquare) = WSSR/ndf   : 0.0362368

Final set of parameters            Asymptotic Standard Error
=======================            ==========================
h22             = 0.153616         +/- 0.1429       (93.04%)
h23             = 0.807363         +/- 0.06927      (8.58%)

correlation matrix of the fit parameters:
                h22    h23    
h22             1.000 
h23            -0.237  1.000 


*******************************************************************************
Tue May  6 16:19:37 2025


FIT:    data read from "<paste PZCs.txt HBEs.txt volmers.txt" u 1:2:3
        format = x:y:z
        #datapoints = 8
        residuals are weighted equally (unit weight)

function used for fitting: f2(x,y)
	f2(x,y)=f22*(-0.58*(x-4.4)+y)+f23
fitted parameters initialized with current variable values

iter      chisq       delta/lim  lambda   f22           f23          
   0 1.0620960428e+00   0.00e+00  7.86e-01    1.000000e+00   1.000000e+00
   4 1.1886008178e-02  -4.71e-09  7.86e-05    4.122615e-01   8.335524e-01

After 4 iterations the fit converged.
final sum of squares of residuals : 0.011886
rel. change during last iteration : -4.71408e-14

degrees of freedom    (FIT_NDF)                        : 6
rms of residuals      (FIT_STDFIT) = sqrt(WSSR/ndf)    : 0.0445084
variance of residuals (reduced chisquare) = WSSR/ndf   : 0.001981

Final set of parameters            Asymptotic Standard Error
=======================            ==========================
f22             = 0.412262         +/- 0.03342      (8.106%)
f23             = 0.833552         +/- 0.0162       (1.943%)

correlation matrix of the fit parameters:
                f22    f23    
f22             1.000 
f23            -0.237  1.000 


*******************************************************************************
Tue May  6 16:19:37 2025


FIT:    data read from "<paste PZCs.txt HBEs.txt heyrovskys.txt" u 1:2:3
        format = x:y:z
        #datapoints = 8
        residuals are weighted equally (unit weight)

function used for fitting: g2(x,y)
	g2(x,y)=g22*(-0.58*(x-4.4)+y)+g23
fitted parameters initialized with current variable values

iter      chisq       delta/lim  lambda   g22           g23          
   0 5.1172945595e+00   0.00e+00  7.86e-01    1.000000e+00   1.000000e+00
   4 3.1584661977e-02  -1.64e-08  7.86e-05   -6.766696e-01   1.080915e+00

After 4 iterations the fit converged.
final sum of squares of residuals : 0.0315847
rel. change during last iteration : -1.6433e-13

degrees of freedom    (FIT_NDF)                        : 6
rms of residuals      (FIT_STDFIT) = sqrt(WSSR/ndf)    : 0.0725542
variance of residuals (reduced chisquare) = WSSR/ndf   : 0.00526411

Final set of parameters            Asymptotic Standard Error
=======================            ==========================
g22             = -0.67667         +/- 0.05448      (8.051%)
g23             = 1.08091          +/- 0.0264       (2.443%)

correlation matrix of the fit parameters:
                g22    g23    
g22             1.000 
g23            -0.237  1.000 


*******************************************************************************
Tue May  6 16:19:37 2025


FIT:    data read from "<paste PZCs.txt HBEs.txt tafels.txt" u 1:2:3
        format = x:y:z
        #datapoints = 8
        residuals are weighted equally (unit weight)

function used for fitting: h2(x,y)
	h2(x,y)=h22*(-0.58*(x-4.4)+y)+h23
fitted parameters initialized with current variable values

iter      chisq       delta/lim  lambda   h22           h23          
   0 2.1595005962e+00   0.00e+00  7.86e-01    1.000000e+00   1.000000e+00
   3 2.1742091888e-01  -4.48e-01  7.86e-04    1.536164e-01   8.073629e-01

After 3 iterations the fit converged.
final sum of squares of residuals : 0.217421
rel. change during last iteration : -4.47974e-06

degrees of freedom    (FIT_NDF)                        : 6
rms of residuals      (FIT_STDFIT) = sqrt(WSSR/ndf)    : 0.19036
variance of residuals (reduced chisquare) = WSSR/ndf   : 0.0362368

Final set of parameters            Asymptotic Standard Error
=======================            ==========================
h22             = 0.153616         +/- 0.1429       (93.04%)
h23             = 0.807363         +/- 0.06927      (8.58%)

correlation matrix of the fit parameters:
                h22    h23    
h22             1.000 
h23            -0.237  1.000 


*******************************************************************************
Tue May  6 16:19:53 2025


FIT:    data read from "<paste PZCs.txt HBEs.txt volmers.txt" u 1:2:3
        format = x:y:z
        #datapoints = 8
        residuals are weighted equally (unit weight)

function used for fitting: f2(x,y)
	f2(x,y)=f22*(-0.58*(x-4.4)+y)+f23
fitted parameters initialized with current variable values

iter      chisq       delta/lim  lambda   f22           f23          
   0 1.0620960428e+00   0.00e+00  7.86e-01    1.000000e+00   1.000000e+00
   4 1.1886008178e-02  -4.71e-09  7.86e-05    4.122615e-01   8.335524e-01

After 4 iterations the fit converged.
final sum of squares of residuals : 0.011886
rel. change during last iteration : -4.71408e-14

degrees of freedom    (FIT_NDF)                        : 6
rms of residuals      (FIT_STDFIT) = sqrt(WSSR/ndf)    : 0.0445084
variance of residuals (reduced chisquare) = WSSR/ndf   : 0.001981

Final set of parameters            Asymptotic Standard Error
=======================            ==========================
f22             = 0.412262         +/- 0.03342      (8.106%)
f23             = 0.833552         +/- 0.0162       (1.943%)

correlation matrix of the fit parameters:
                f22    f23    
f22             1.000 
f23            -0.237  1.000 


*******************************************************************************
Tue May  6 16:19:53 2025


FIT:    data read from "<paste PZCs.txt HBEs.txt heyrovskys.txt" u 1:2:3
        format = x:y:z
        #datapoints = 8
        residuals are weighted equally (unit weight)

function used for fitting: g2(x,y)
	g2(x,y)=g22*(-0.58*(x-4.4)+y)+g23
fitted parameters initialized with current variable values

iter      chisq       delta/lim  lambda   g22           g23          
   0 5.1172945595e+00   0.00e+00  7.86e-01    1.000000e+00   1.000000e+00
   4 3.1584661977e-02  -1.64e-08  7.86e-05   -6.766696e-01   1.080915e+00

After 4 iterations the fit converged.
final sum of squares of residuals : 0.0315847
rel. change during last iteration : -1.6433e-13

degrees of freedom    (FIT_NDF)                        : 6
rms of residuals      (FIT_STDFIT) = sqrt(WSSR/ndf)    : 0.0725542
variance of residuals (reduced chisquare) = WSSR/ndf   : 0.00526411

Final set of parameters            Asymptotic Standard Error
=======================            ==========================
g22             = -0.67667         +/- 0.05448      (8.051%)
g23             = 1.08091          +/- 0.0264       (2.443%)

correlation matrix of the fit parameters:
                g22    g23    
g22             1.000 
g23            -0.237  1.000 


*******************************************************************************
Tue May  6 16:19:53 2025


FIT:    data read from "<paste PZCs.txt HBEs.txt tafels.txt" u 1:2:3
        format = x:y:z
        #datapoints = 8
        residuals are weighted equally (unit weight)

function used for fitting: h2(x,y)
	h2(x,y)=h22*(-0.58*(x-4.4)+y)+h23
fitted parameters initialized with current variable values

iter      chisq       delta/lim  lambda   h22           h23          
   0 2.1595005962e+00   0.00e+00  7.86e-01    1.000000e+00   1.000000e+00
   3 2.1742091888e-01  -4.48e-01  7.86e-04    1.536164e-01   8.073629e-01

After 3 iterations the fit converged.
final sum of squares of residuals : 0.217421
rel. change during last iteration : -4.47974e-06

degrees of freedom    (FIT_NDF)                        : 6
rms of residuals      (FIT_STDFIT) = sqrt(WSSR/ndf)    : 0.19036
variance of residuals (reduced chisquare) = WSSR/ndf   : 0.0362368

Final set of parameters            Asymptotic Standard Error
=======================            ==========================
h22             = 0.153616         +/- 0.1429       (93.04%)
h23             = 0.807363         +/- 0.06927      (8.58%)

correlation matrix of the fit parameters:
                h22    h23    
h22             1.000 
h23            -0.237  1.000 


*******************************************************************************
Tue May  6 16:20:02 2025


FIT:    data read from "<paste PZCs.txt HBEs.txt volmers.txt" u 1:2:3
        format = x:y:z
        #datapoints = 8
        residuals are weighted equally (unit weight)

function used for fitting: f2(x,y)
	f2(x,y)=f22*(-0.58*(x-4.4)+y)+f23
fitted parameters initialized with current variable values

iter      chisq       delta/lim  lambda   f22           f23          
   0 1.0620960428e+00   0.00e+00  7.86e-01    1.000000e+00   1.000000e+00
   4 1.1886008178e-02  -4.71e-09  7.86e-05    4.122615e-01   8.335524e-01

After 4 iterations the fit converged.
final sum of squares of residuals : 0.011886
rel. change during last iteration : -4.71408e-14

degrees of freedom    (FIT_NDF)                        : 6
rms of residuals      (FIT_STDFIT) = sqrt(WSSR/ndf)    : 0.0445084
variance of residuals (reduced chisquare) = WSSR/ndf   : 0.001981

Final set of parameters            Asymptotic Standard Error
=======================            ==========================
f22             = 0.412262         +/- 0.03342      (8.106%)
f23             = 0.833552         +/- 0.0162       (1.943%)

correlation matrix of the fit parameters:
                f22    f23    
f22             1.000 
f23            -0.237  1.000 


*******************************************************************************
Tue May  6 16:20:02 2025


FIT:    data read from "<paste PZCs.txt HBEs.txt heyrovskys.txt" u 1:2:3
        format = x:y:z
        #datapoints = 8
        residuals are weighted equally (unit weight)

function used for fitting: g2(x,y)
	g2(x,y)=g22*(-0.58*(x-4.4)+y)+g23
fitted parameters initialized with current variable values

iter      chisq       delta/lim  lambda   g22           g23          
   0 5.1172945595e+00   0.00e+00  7.86e-01    1.000000e+00   1.000000e+00
   4 3.1584661977e-02  -1.64e-08  7.86e-05   -6.766696e-01   1.080915e+00

After 4 iterations the fit converged.
final sum of squares of residuals : 0.0315847
rel. change during last iteration : -1.6433e-13

degrees of freedom    (FIT_NDF)                        : 6
rms of residuals      (FIT_STDFIT) = sqrt(WSSR/ndf)    : 0.0725542
variance of residuals (reduced chisquare) = WSSR/ndf   : 0.00526411

Final set of parameters            Asymptotic Standard Error
=======================            ==========================
g22             = -0.67667         +/- 0.05448      (8.051%)
g23             = 1.08091          +/- 0.0264       (2.443%)

correlation matrix of the fit parameters:
                g22    g23    
g22             1.000 
g23            -0.237  1.000 


*******************************************************************************
Tue May  6 16:20:02 2025


FIT:    data read from "<paste PZCs.txt HBEs.txt tafels.txt" u 1:2:3
        format = x:y:z
        #datapoints = 8
        residuals are weighted equally (unit weight)

function used for fitting: h2(x,y)
	h2(x,y)=h22*(-0.58*(x-4.4)+y)+h23
fitted parameters initialized with current variable values

iter      chisq       delta/lim  lambda   h22           h23          
   0 2.1595005962e+00   0.00e+00  7.86e-01    1.000000e+00   1.000000e+00
   3 2.1742091888e-01  -4.48e-01  7.86e-04    1.536164e-01   8.073629e-01

After 3 iterations the fit converged.
final sum of squares of residuals : 0.217421
rel. change during last iteration : -4.47974e-06

degrees of freedom    (FIT_NDF)                        : 6
rms of residuals      (FIT_STDFIT) = sqrt(WSSR/ndf)    : 0.19036
variance of residuals (reduced chisquare) = WSSR/ndf   : 0.0362368

Final set of parameters            Asymptotic Standard Error
=======================            ==========================
h22             = 0.153616         +/- 0.1429       (93.04%)
h23             = 0.807363         +/- 0.06927      (8.58%)

correlation matrix of the fit parameters:
                h22    h23    
h22             1.000 
h23            -0.237  1.000 


*******************************************************************************
Tue May  6 16:20:12 2025


FIT:    data read from "<paste PZCs.txt HBEs.txt volmers.txt" u 1:2:3
        format = x:y:z
        #datapoints = 8
        residuals are weighted equally (unit weight)

function used for fitting: f2(x,y)
	f2(x,y)=f22*(-0.58*(x-4.4)+y)+f23
fitted parameters initialized with current variable values

iter      chisq       delta/lim  lambda   f22           f23          
   0 1.0620960428e+00   0.00e+00  7.86e-01    1.000000e+00   1.000000e+00
   4 1.1886008178e-02  -4.71e-09  7.86e-05    4.122615e-01   8.335524e-01

After 4 iterations the fit converged.
final sum of squares of residuals : 0.011886
rel. change during last iteration : -4.71408e-14

degrees of freedom    (FIT_NDF)                        : 6
rms of residuals      (FIT_STDFIT) = sqrt(WSSR/ndf)    : 0.0445084
variance of residuals (reduced chisquare) = WSSR/ndf   : 0.001981

Final set of parameters            Asymptotic Standard Error
=======================            ==========================
f22             = 0.412262         +/- 0.03342      (8.106%)
f23             = 0.833552         +/- 0.0162       (1.943%)

correlation matrix of the fit parameters:
                f22    f23    
f22             1.000 
f23            -0.237  1.000 


*******************************************************************************
Tue May  6 16:20:12 2025


FIT:    data read from "<paste PZCs.txt HBEs.txt heyrovskys.txt" u 1:2:3
        format = x:y:z
        #datapoints = 8
        residuals are weighted equally (unit weight)

function used for fitting: g2(x,y)
	g2(x,y)=g22*(-0.58*(x-4.4)+y)+g23
fitted parameters initialized with current variable values

iter      chisq       delta/lim  lambda   g22           g23          
   0 5.1172945595e+00   0.00e+00  7.86e-01    1.000000e+00   1.000000e+00
   4 3.1584661977e-02  -1.64e-08  7.86e-05   -6.766696e-01   1.080915e+00

After 4 iterations the fit converged.
final sum of squares of residuals : 0.0315847
rel. change during last iteration : -1.6433e-13

degrees of freedom    (FIT_NDF)                        : 6
rms of residuals      (FIT_STDFIT) = sqrt(WSSR/ndf)    : 0.0725542
variance of residuals (reduced chisquare) = WSSR/ndf   : 0.00526411

Final set of parameters            Asymptotic Standard Error
=======================            ==========================
g22             = -0.67667         +/- 0.05448      (8.051%)
g23             = 1.08091          +/- 0.0264       (2.443%)

correlation matrix of the fit parameters:
                g22    g23    
g22             1.000 
g23            -0.237  1.000 


*******************************************************************************
Tue May  6 16:20:12 2025


FIT:    data read from "<paste PZCs.txt HBEs.txt tafels.txt" u 1:2:3
        format = x:y:z
        #datapoints = 8
        residuals are weighted equally (unit weight)

function used for fitting: h2(x,y)
	h2(x,y)=h22*(-0.58*(x-4.4)+y)+h23
fitted parameters initialized with current variable values

iter      chisq       delta/lim  lambda   h22           h23          
   0 2.1595005962e+00   0.00e+00  7.86e-01    1.000000e+00   1.000000e+00
   3 2.1742091888e-01  -4.48e-01  7.86e-04    1.536164e-01   8.073629e-01

After 3 iterations the fit converged.
final sum of squares of residuals : 0.217421
rel. change during last iteration : -4.47974e-06

degrees of freedom    (FIT_NDF)                        : 6
rms of residuals      (FIT_STDFIT) = sqrt(WSSR/ndf)    : 0.19036
variance of residuals (reduced chisquare) = WSSR/ndf   : 0.0362368

Final set of parameters            Asymptotic Standard Error
=======================            ==========================
h22             = 0.153616         +/- 0.1429       (93.04%)
h23             = 0.807363         +/- 0.06927      (8.58%)

correlation matrix of the fit parameters:
                h22    h23    
h22             1.000 
h23            -0.237  1.000 


*******************************************************************************
Tue May  6 16:20:23 2025


FIT:    data read from "<paste PZCs.txt HBEs.txt volmers.txt" u 1:2:3
        format = x:y:z
        #datapoints = 8
        residuals are weighted equally (unit weight)

function used for fitting: f2(x,y)
	f2(x,y)=f22*(-0.58*(x-4.4)+y)+f23
fitted parameters initialized with current variable values

iter      chisq       delta/lim  lambda   f22           f23          
   0 1.0620960428e+00   0.00e+00  7.86e-01    1.000000e+00   1.000000e+00
   4 1.1886008178e-02  -4.71e-09  7.86e-05    4.122615e-01   8.335524e-01

After 4 iterations the fit converged.
final sum of squares of residuals : 0.011886
rel. change during last iteration : -4.71408e-14

degrees of freedom    (FIT_NDF)                        : 6
rms of residuals      (FIT_STDFIT) = sqrt(WSSR/ndf)    : 0.0445084
variance of residuals (reduced chisquare) = WSSR/ndf   : 0.001981

Final set of parameters            Asymptotic Standard Error
=======================            ==========================
f22             = 0.412262         +/- 0.03342      (8.106%)
f23             = 0.833552         +/- 0.0162       (1.943%)

correlation matrix of the fit parameters:
                f22    f23    
f22             1.000 
f23            -0.237  1.000 


*******************************************************************************
Tue May  6 16:20:23 2025


FIT:    data read from "<paste PZCs.txt HBEs.txt heyrovskys.txt" u 1:2:3
        format = x:y:z
        #datapoints = 8
        residuals are weighted equally (unit weight)

function used for fitting: g2(x,y)
	g2(x,y)=g22*(-0.58*(x-4.4)+y)+g23
fitted parameters initialized with current variable values

iter      chisq       delta/lim  lambda   g22           g23          
   0 5.1172945595e+00   0.00e+00  7.86e-01    1.000000e+00   1.000000e+00
   4 3.1584661977e-02  -1.64e-08  7.86e-05   -6.766696e-01   1.080915e+00

After 4 iterations the fit converged.
final sum of squares of residuals : 0.0315847
rel. change during last iteration : -1.6433e-13

degrees of freedom    (FIT_NDF)                        : 6
rms of residuals      (FIT_STDFIT) = sqrt(WSSR/ndf)    : 0.0725542
variance of residuals (reduced chisquare) = WSSR/ndf   : 0.00526411

Final set of parameters            Asymptotic Standard Error
=======================            ==========================
g22             = -0.67667         +/- 0.05448      (8.051%)
g23             = 1.08091          +/- 0.0264       (2.443%)

correlation matrix of the fit parameters:
                g22    g23    
g22             1.000 
g23            -0.237  1.000 


*******************************************************************************
Tue May  6 16:20:23 2025


FIT:    data read from "<paste PZCs.txt HBEs.txt tafels.txt" u 1:2:3
        format = x:y:z
        #datapoints = 8
        residuals are weighted equally (unit weight)

function used for fitting: h2(x,y)
	h2(x,y)=h22*(-0.58*(x-4.4)+y)+h23
fitted parameters initialized with current variable values

iter      chisq       delta/lim  lambda   h22           h23          
   0 2.1595005962e+00   0.00e+00  7.86e-01    1.000000e+00   1.000000e+00
   3 2.1742091888e-01  -4.48e-01  7.86e-04    1.536164e-01   8.073629e-01

After 3 iterations the fit converged.
final sum of squares of residuals : 0.217421
rel. change during last iteration : -4.47974e-06

degrees of freedom    (FIT_NDF)                        : 6
rms of residuals      (FIT_STDFIT) = sqrt(WSSR/ndf)    : 0.19036
variance of residuals (reduced chisquare) = WSSR/ndf   : 0.0362368

Final set of parameters            Asymptotic Standard Error
=======================            ==========================
h22             = 0.153616         +/- 0.1429       (93.04%)
h23             = 0.807363         +/- 0.06927      (8.58%)

correlation matrix of the fit parameters:
                h22    h23    
h22             1.000 
h23            -0.237  1.000 


*******************************************************************************
Tue May  6 16:21:19 2025


FIT:    data read from "<paste PZCs.txt HBEs.txt volmers.txt" u 1:2:3
        format = x:y:z
        #datapoints = 8
        residuals are weighted equally (unit weight)

function used for fitting: f2(x,y)
	f2(x,y)=f22*(-0.58*(x-4.4)+y)+f23
fitted parameters initialized with current variable values

iter      chisq       delta/lim  lambda   f22           f23          
   0 1.0620960428e+00   0.00e+00  7.86e-01    1.000000e+00   1.000000e+00
   4 1.1886008178e-02  -4.71e-09  7.86e-05    4.122615e-01   8.335524e-01

After 4 iterations the fit converged.
final sum of squares of residuals : 0.011886
rel. change during last iteration : -4.71408e-14

degrees of freedom    (FIT_NDF)                        : 6
rms of residuals      (FIT_STDFIT) = sqrt(WSSR/ndf)    : 0.0445084
variance of residuals (reduced chisquare) = WSSR/ndf   : 0.001981

Final set of parameters            Asymptotic Standard Error
=======================            ==========================
f22             = 0.412262         +/- 0.03342      (8.106%)
f23             = 0.833552         +/- 0.0162       (1.943%)

correlation matrix of the fit parameters:
                f22    f23    
f22             1.000 
f23            -0.237  1.000 


*******************************************************************************
Tue May  6 16:21:19 2025


FIT:    data read from "<paste PZCs.txt HBEs.txt heyrovskys.txt" u 1:2:3
        format = x:y:z
        #datapoints = 8
        residuals are weighted equally (unit weight)

function used for fitting: g2(x,y)
	g2(x,y)=g22*(-0.58*(x-4.4)+y)+g23
fitted parameters initialized with current variable values

iter      chisq       delta/lim  lambda   g22           g23          
   0 5.1172945595e+00   0.00e+00  7.86e-01    1.000000e+00   1.000000e+00
   4 3.1584661977e-02  -1.64e-08  7.86e-05   -6.766696e-01   1.080915e+00

After 4 iterations the fit converged.
final sum of squares of residuals : 0.0315847
rel. change during last iteration : -1.6433e-13

degrees of freedom    (FIT_NDF)                        : 6
rms of residuals      (FIT_STDFIT) = sqrt(WSSR/ndf)    : 0.0725542
variance of residuals (reduced chisquare) = WSSR/ndf   : 0.00526411

Final set of parameters            Asymptotic Standard Error
=======================            ==========================
g22             = -0.67667         +/- 0.05448      (8.051%)
g23             = 1.08091          +/- 0.0264       (2.443%)

correlation matrix of the fit parameters:
                g22    g23    
g22             1.000 
g23            -0.237  1.000 


*******************************************************************************
Tue May  6 16:21:19 2025


FIT:    data read from "<paste PZCs.txt HBEs.txt tafels.txt" u 1:2:3
        format = x:y:z
        #datapoints = 8
        residuals are weighted equally (unit weight)

function used for fitting: h2(x,y)
	h2(x,y)=h22*(-0.58*(x-4.4)+y)+h23
fitted parameters initialized with current variable values

iter      chisq       delta/lim  lambda   h22           h23          
   0 2.1595005962e+00   0.00e+00  7.86e-01    1.000000e+00   1.000000e+00
   3 2.1742091888e-01  -4.48e-01  7.86e-04    1.536164e-01   8.073629e-01

After 3 iterations the fit converged.
final sum of squares of residuals : 0.217421
rel. change during last iteration : -4.47974e-06

degrees of freedom    (FIT_NDF)                        : 6
rms of residuals      (FIT_STDFIT) = sqrt(WSSR/ndf)    : 0.19036
variance of residuals (reduced chisquare) = WSSR/ndf   : 0.0362368

Final set of parameters            Asymptotic Standard Error
=======================            ==========================
h22             = 0.153616         +/- 0.1429       (93.04%)
h23             = 0.807363         +/- 0.06927      (8.58%)

correlation matrix of the fit parameters:
                h22    h23    
h22             1.000 
h23            -0.237  1.000 


*******************************************************************************
Tue May  6 16:22:51 2025


FIT:    data read from "<paste PZCs.txt HBEs.txt volmers.txt" u 1:2:3
        format = x:y:z
        #datapoints = 8
        residuals are weighted equally (unit weight)

function used for fitting: f2(x,y)
	f2(x,y)=f22*(-0.58*(x-4.4)+y)+f23
fitted parameters initialized with current variable values

iter      chisq       delta/lim  lambda   f22           f23          
   0 1.0620960428e+00   0.00e+00  7.86e-01    1.000000e+00   1.000000e+00
   4 1.1886008178e-02  -4.71e-09  7.86e-05    4.122615e-01   8.335524e-01

After 4 iterations the fit converged.
final sum of squares of residuals : 0.011886
rel. change during last iteration : -4.71408e-14

degrees of freedom    (FIT_NDF)                        : 6
rms of residuals      (FIT_STDFIT) = sqrt(WSSR/ndf)    : 0.0445084
variance of residuals (reduced chisquare) = WSSR/ndf   : 0.001981

Final set of parameters            Asymptotic Standard Error
=======================            ==========================
f22             = 0.412262         +/- 0.03342      (8.106%)
f23             = 0.833552         +/- 0.0162       (1.943%)

correlation matrix of the fit parameters:
                f22    f23    
f22             1.000 
f23            -0.237  1.000 


*******************************************************************************
Tue May  6 16:22:51 2025


FIT:    data read from "<paste PZCs.txt HBEs.txt heyrovskys.txt" u 1:2:3
        format = x:y:z
        #datapoints = 8
        residuals are weighted equally (unit weight)

function used for fitting: g2(x,y)
	g2(x,y)=g22*(-0.58*(x-4.4)+y)+g23
fitted parameters initialized with current variable values

iter      chisq       delta/lim  lambda   g22           g23          
   0 5.1172945595e+00   0.00e+00  7.86e-01    1.000000e+00   1.000000e+00
   4 3.1584661977e-02  -1.64e-08  7.86e-05   -6.766696e-01   1.080915e+00

After 4 iterations the fit converged.
final sum of squares of residuals : 0.0315847
rel. change during last iteration : -1.6433e-13

degrees of freedom    (FIT_NDF)                        : 6
rms of residuals      (FIT_STDFIT) = sqrt(WSSR/ndf)    : 0.0725542
variance of residuals (reduced chisquare) = WSSR/ndf   : 0.00526411

Final set of parameters            Asymptotic Standard Error
=======================            ==========================
g22             = -0.67667         +/- 0.05448      (8.051%)
g23             = 1.08091          +/- 0.0264       (2.443%)

correlation matrix of the fit parameters:
                g22    g23    
g22             1.000 
g23            -0.237  1.000 


*******************************************************************************
Tue May  6 16:22:51 2025


FIT:    data read from "<paste PZCs.txt HBEs.txt tafels.txt" u 1:2:3
        format = x:y:z
        #datapoints = 8
        residuals are weighted equally (unit weight)

function used for fitting: h2(x,y)
	h2(x,y)=h22*(-0.58*(x-4.4)+y)+h23
fitted parameters initialized with current variable values

iter      chisq       delta/lim  lambda   h22           h23          
   0 2.1595005962e+00   0.00e+00  7.86e-01    1.000000e+00   1.000000e+00
   3 2.1742091888e-01  -4.48e-01  7.86e-04    1.536164e-01   8.073629e-01

After 3 iterations the fit converged.
final sum of squares of residuals : 0.217421
rel. change during last iteration : -4.47974e-06

degrees of freedom    (FIT_NDF)                        : 6
rms of residuals      (FIT_STDFIT) = sqrt(WSSR/ndf)    : 0.19036
variance of residuals (reduced chisquare) = WSSR/ndf   : 0.0362368

Final set of parameters            Asymptotic Standard Error
=======================            ==========================
h22             = 0.153616         +/- 0.1429       (93.04%)
h23             = 0.807363         +/- 0.06927      (8.58%)

correlation matrix of the fit parameters:
                h22    h23    
h22             1.000 
h23            -0.237  1.000 


*******************************************************************************
Tue May  6 16:38:42 2025


FIT:    data read from "<paste PZCs.txt HBEs.txt volmers.txt" u 1:2:3
        format = x:y:z
        #datapoints = 8
        residuals are weighted equally (unit weight)

function used for fitting: f2(x,y)
	f2(x,y)=f22*(-0.58*(x-4.4)+y)+f23
fitted parameters initialized with current variable values

iter      chisq       delta/lim  lambda   f22           f23          
   0 1.0620960428e+00   0.00e+00  7.86e-01    1.000000e+00   1.000000e+00
   4 1.1886008178e-02  -4.71e-09  7.86e-05    4.122615e-01   8.335524e-01

After 4 iterations the fit converged.
final sum of squares of residuals : 0.011886
rel. change during last iteration : -4.71408e-14

degrees of freedom    (FIT_NDF)                        : 6
rms of residuals      (FIT_STDFIT) = sqrt(WSSR/ndf)    : 0.0445084
variance of residuals (reduced chisquare) = WSSR/ndf   : 0.001981

Final set of parameters            Asymptotic Standard Error
=======================            ==========================
f22             = 0.412262         +/- 0.03342      (8.106%)
f23             = 0.833552         +/- 0.0162       (1.943%)

correlation matrix of the fit parameters:
                f22    f23    
f22             1.000 
f23            -0.237  1.000 


*******************************************************************************
Tue May  6 16:38:42 2025


FIT:    data read from "<paste PZCs.txt HBEs.txt heyrovskys.txt" u 1:2:3
        format = x:y:z
        #datapoints = 8
        residuals are weighted equally (unit weight)

function used for fitting: g2(x,y)
	g2(x,y)=g22*(-0.58*(x-4.4)+y)+g23
fitted parameters initialized with current variable values

iter      chisq       delta/lim  lambda   g22           g23          
   0 5.1172945595e+00   0.00e+00  7.86e-01    1.000000e+00   1.000000e+00
   4 3.1584661977e-02  -1.64e-08  7.86e-05   -6.766696e-01   1.080915e+00

After 4 iterations the fit converged.
final sum of squares of residuals : 0.0315847
rel. change during last iteration : -1.6433e-13

degrees of freedom    (FIT_NDF)                        : 6
rms of residuals      (FIT_STDFIT) = sqrt(WSSR/ndf)    : 0.0725542
variance of residuals (reduced chisquare) = WSSR/ndf   : 0.00526411

Final set of parameters            Asymptotic Standard Error
=======================            ==========================
g22             = -0.67667         +/- 0.05448      (8.051%)
g23             = 1.08091          +/- 0.0264       (2.443%)

correlation matrix of the fit parameters:
                g22    g23    
g22             1.000 
g23            -0.237  1.000 


*******************************************************************************
Tue May  6 16:38:42 2025


FIT:    data read from "<paste PZCs.txt HBEs.txt tafels.txt" u 1:2:3
        format = x:y:z
        #datapoints = 8
        residuals are weighted equally (unit weight)

function used for fitting: h2(x,y)
	h2(x,y)=h22*(-0.58*(x-4.4)+y)+h23
fitted parameters initialized with current variable values

iter      chisq       delta/lim  lambda   h22           h23          
   0 2.1595005962e+00   0.00e+00  7.86e-01    1.000000e+00   1.000000e+00
   3 2.1742091888e-01  -4.48e-01  7.86e-04    1.536164e-01   8.073629e-01

After 3 iterations the fit converged.
final sum of squares of residuals : 0.217421
rel. change during last iteration : -4.47974e-06

degrees of freedom    (FIT_NDF)                        : 6
rms of residuals      (FIT_STDFIT) = sqrt(WSSR/ndf)    : 0.19036
variance of residuals (reduced chisquare) = WSSR/ndf   : 0.0362368

Final set of parameters            Asymptotic Standard Error
=======================            ==========================
h22             = 0.153616         +/- 0.1429       (93.04%)
h23             = 0.807363         +/- 0.06927      (8.58%)

correlation matrix of the fit parameters:
                h22    h23    
h22             1.000 
h23            -0.237  1.000 


*******************************************************************************
Tue May  6 16:39:29 2025


FIT:    data read from "<paste PZCs.txt HBEs.txt volmers.txt" u 1:2:3
        format = x:y:z
        #datapoints = 8
        residuals are weighted equally (unit weight)

function used for fitting: f2(x,y)
	f2(x,y)=f22*(-0.58*(x-4.4)+y)+f23
fitted parameters initialized with current variable values

iter      chisq       delta/lim  lambda   f22           f23          
   0 1.0620960428e+00   0.00e+00  7.86e-01    1.000000e+00   1.000000e+00
   4 1.1886008178e-02  -4.71e-09  7.86e-05    4.122615e-01   8.335524e-01

After 4 iterations the fit converged.
final sum of squares of residuals : 0.011886
rel. change during last iteration : -4.71408e-14

degrees of freedom    (FIT_NDF)                        : 6
rms of residuals      (FIT_STDFIT) = sqrt(WSSR/ndf)    : 0.0445084
variance of residuals (reduced chisquare) = WSSR/ndf   : 0.001981

Final set of parameters            Asymptotic Standard Error
=======================            ==========================
f22             = 0.412262         +/- 0.03342      (8.106%)
f23             = 0.833552         +/- 0.0162       (1.943%)

correlation matrix of the fit parameters:
                f22    f23    
f22             1.000 
f23            -0.237  1.000 


*******************************************************************************
Tue May  6 16:39:29 2025


FIT:    data read from "<paste PZCs.txt HBEs.txt heyrovskys.txt" u 1:2:3
        format = x:y:z
        #datapoints = 8
        residuals are weighted equally (unit weight)

function used for fitting: g2(x,y)
	g2(x,y)=g22*(-0.58*(x-4.4)+y)+g23
fitted parameters initialized with current variable values

iter      chisq       delta/lim  lambda   g22           g23          
   0 5.1172945595e+00   0.00e+00  7.86e-01    1.000000e+00   1.000000e+00
   4 3.1584661977e-02  -1.64e-08  7.86e-05   -6.766696e-01   1.080915e+00

After 4 iterations the fit converged.
final sum of squares of residuals : 0.0315847
rel. change during last iteration : -1.6433e-13

degrees of freedom    (FIT_NDF)                        : 6
rms of residuals      (FIT_STDFIT) = sqrt(WSSR/ndf)    : 0.0725542
variance of residuals (reduced chisquare) = WSSR/ndf   : 0.00526411

Final set of parameters            Asymptotic Standard Error
=======================            ==========================
g22             = -0.67667         +/- 0.05448      (8.051%)
g23             = 1.08091          +/- 0.0264       (2.443%)

correlation matrix of the fit parameters:
                g22    g23    
g22             1.000 
g23            -0.237  1.000 


*******************************************************************************
Tue May  6 16:39:29 2025


FIT:    data read from "<paste PZCs.txt HBEs.txt tafels.txt" u 1:2:3
        format = x:y:z
        #datapoints = 8
        residuals are weighted equally (unit weight)

function used for fitting: h2(x,y)
	h2(x,y)=h22*(-0.58*(x-4.4)+y)+h23
fitted parameters initialized with current variable values

iter      chisq       delta/lim  lambda   h22           h23          
   0 2.1595005962e+00   0.00e+00  7.86e-01    1.000000e+00   1.000000e+00
   3 2.1742091888e-01  -4.48e-01  7.86e-04    1.536164e-01   8.073629e-01

After 3 iterations the fit converged.
final sum of squares of residuals : 0.217421
rel. change during last iteration : -4.47974e-06

degrees of freedom    (FIT_NDF)                        : 6
rms of residuals      (FIT_STDFIT) = sqrt(WSSR/ndf)    : 0.19036
variance of residuals (reduced chisquare) = WSSR/ndf   : 0.0362368

Final set of parameters            Asymptotic Standard Error
=======================            ==========================
h22             = 0.153616         +/- 0.1429       (93.04%)
h23             = 0.807363         +/- 0.06927      (8.58%)

correlation matrix of the fit parameters:
                h22    h23    
h22             1.000 
h23            -0.237  1.000 


*******************************************************************************
Mon May 12 13:44:53 2025


FIT:    data read from "<paste PZCs.txt vac_HBEs.txt volmers.txt" u 1:2:3
        format = x:y:z
        #datapoints = 8
        residuals are weighted equally (unit weight)

function used for fitting: f2(x,y)
	f2(x,y)=f22*(-0.58*(x-4.4)+y)+f23
fitted parameters initialized with current variable values

iter      chisq       delta/lim  lambda   f22           f23          
   0 1.2192813006e+00   0.00e+00  7.89e-01    1.000000e+00   1.000000e+00
   4 1.5449519989e-02  -3.86e-09  7.89e-05    4.085862e-01   8.195372e-01

After 4 iterations the fit converged.
final sum of squares of residuals : 0.0154495
rel. change during last iteration : -3.86255e-14

degrees of freedom    (FIT_NDF)                        : 6
rms of residuals      (FIT_STDFIT) = sqrt(WSSR/ndf)    : 0.0507437
variance of residuals (reduced chisquare) = WSSR/ndf   : 0.00257492

Final set of parameters            Asymptotic Standard Error
=======================            ==========================
f22             = 0.408586         +/- 0.03799      (9.297%)
f23             = 0.819537         +/- 0.01882      (2.297%)

correlation matrix of the fit parameters:
                f22    f23    
f22             1.000 
f23            -0.303  1.000 


*******************************************************************************
Mon May 12 13:44:53 2025


FIT:    data read from "<paste PZCs.txt vac_HBEs.txt heyrovskys.txt" u 1:2:3
        format = x:y:z
        #datapoints = 8
        residuals are weighted equally (unit weight)

function used for fitting: g2(x,y)
	g2(x,y)=g22*(-0.58*(x-4.4)+y)+g23
fitted parameters initialized with current variable values

iter      chisq       delta/lim  lambda   g22           g23          
   0 5.1852083094e+00   0.00e+00  7.89e-01    1.000000e+00   1.000000e+00
   4 4.7010049858e-02  -1.17e-08  7.89e-05   -6.681990e-01   1.103553e+00

After 4 iterations the fit converged.
final sum of squares of residuals : 0.04701
rel. change during last iteration : -1.17493e-13

degrees of freedom    (FIT_NDF)                        : 6
rms of residuals      (FIT_STDFIT) = sqrt(WSSR/ndf)    : 0.0885156
variance of residuals (reduced chisquare) = WSSR/ndf   : 0.00783501

Final set of parameters            Asymptotic Standard Error
=======================            ==========================
g22             = -0.668199        +/- 0.06626      (9.916%)
g23             = 1.10355          +/- 0.03284      (2.975%)

correlation matrix of the fit parameters:
                g22    g23    
g22             1.000 
g23            -0.303  1.000 


*******************************************************************************
Mon May 12 13:44:53 2025


FIT:    data read from "<paste PZCs.txt vac_HBEs.txt tafels.txt" u 1:2:3
        format = x:y:z
        #datapoints = 8
        residuals are weighted equally (unit weight)

function used for fitting: h2(x,y)
	h2(x,y)=h22*(-0.58*(x-4.4)+y)+h23
fitted parameters initialized with current variable values

iter      chisq       delta/lim  lambda   h22           h23          
   0 2.3950892839e+00   0.00e+00  7.89e-01    1.000000e+00   1.000000e+00
   3 2.2511133142e-01  -4.52e-01  7.89e-04    1.383720e-01   8.042220e-01

After 3 iterations the fit converged.
final sum of squares of residuals : 0.225111
rel. change during last iteration : -4.52205e-06

degrees of freedom    (FIT_NDF)                        : 6
rms of residuals      (FIT_STDFIT) = sqrt(WSSR/ndf)    : 0.193697
variance of residuals (reduced chisquare) = WSSR/ndf   : 0.0375186

Final set of parameters            Asymptotic Standard Error
=======================            ==========================
h22             = 0.138372         +/- 0.145        (104.8%)
h23             = 0.804222         +/- 0.07185      (8.935%)

correlation matrix of the fit parameters:
                h22    h23    
h22             1.000 
h23            -0.303  1.000 


*******************************************************************************
Tue May 20 01:50:03 2025


FIT:    data read from "<paste PZCs.txt vac_HBEs.txt volmers.txt" u 1:2:3
        format = x:y:z
        #datapoints = 8
        residuals are weighted equally (unit weight)

function used for fitting: f2(x,y)
	f2(x,y)=f22*(-0.58*(x-4.4)+y)+f23
fitted parameters initialized with current variable values

iter      chisq       delta/lim  lambda   f22           f23          
   0 1.2192813006e+00   0.00e+00  7.89e-01    1.000000e+00   1.000000e+00
   4 1.5449519989e-02  -3.86e-09  7.89e-05    4.085862e-01   8.195372e-01

After 4 iterations the fit converged.
final sum of squares of residuals : 0.0154495
rel. change during last iteration : -3.86255e-14

degrees of freedom    (FIT_NDF)                        : 6
rms of residuals      (FIT_STDFIT) = sqrt(WSSR/ndf)    : 0.0507437
variance of residuals (reduced chisquare) = WSSR/ndf   : 0.00257492

Final set of parameters            Asymptotic Standard Error
=======================            ==========================
f22             = 0.408586         +/- 0.03799      (9.297%)
f23             = 0.819537         +/- 0.01882      (2.297%)

correlation matrix of the fit parameters:
                f22    f23    
f22             1.000 
f23            -0.303  1.000 


*******************************************************************************
Tue May 20 01:50:03 2025


FIT:    data read from "<paste PZCs.txt vac_HBEs.txt heyrovskys.txt" u 1:2:3
        format = x:y:z
        #datapoints = 8
        residuals are weighted equally (unit weight)

function used for fitting: g2(x,y)
	g2(x,y)=g22*(-0.58*(x-4.4)+y)+g23
fitted parameters initialized with current variable values

iter      chisq       delta/lim  lambda   g22           g23          
   0 5.1852083094e+00   0.00e+00  7.89e-01    1.000000e+00   1.000000e+00
   4 4.7010049858e-02  -1.17e-08  7.89e-05   -6.681990e-01   1.103553e+00

After 4 iterations the fit converged.
final sum of squares of residuals : 0.04701
rel. change during last iteration : -1.17493e-13

degrees of freedom    (FIT_NDF)                        : 6
rms of residuals      (FIT_STDFIT) = sqrt(WSSR/ndf)    : 0.0885156
variance of residuals (reduced chisquare) = WSSR/ndf   : 0.00783501

Final set of parameters            Asymptotic Standard Error
=======================            ==========================
g22             = -0.668199        +/- 0.06626      (9.916%)
g23             = 1.10355          +/- 0.03284      (2.975%)

correlation matrix of the fit parameters:
                g22    g23    
g22             1.000 
g23            -0.303  1.000 


*******************************************************************************
Tue May 20 01:50:03 2025


FIT:    data read from "<paste PZCs.txt vac_HBEs.txt tafels.txt" u 1:2:3
        format = x:y:z
        #datapoints = 8
        residuals are weighted equally (unit weight)

function used for fitting: h2(x,y)
	h2(x,y)=h22*(-0.58*(x-4.4)+y)+h23
fitted parameters initialized with current variable values

iter      chisq       delta/lim  lambda   h22           h23          
   0 2.3950892839e+00   0.00e+00  7.89e-01    1.000000e+00   1.000000e+00
   3 2.2511133142e-01  -4.52e-01  7.89e-04    1.383720e-01   8.042220e-01

After 3 iterations the fit converged.
final sum of squares of residuals : 0.225111
rel. change during last iteration : -4.52205e-06

degrees of freedom    (FIT_NDF)                        : 6
rms of residuals      (FIT_STDFIT) = sqrt(WSSR/ndf)    : 0.193697
variance of residuals (reduced chisquare) = WSSR/ndf   : 0.0375186

Final set of parameters            Asymptotic Standard Error
=======================            ==========================
h22             = 0.138372         +/- 0.145        (104.8%)
h23             = 0.804222         +/- 0.07185      (8.935%)

correlation matrix of the fit parameters:
                h22    h23    
h22             1.000 
h23            -0.303  1.000 


*******************************************************************************
Tue May 20 02:08:05 2025


FIT:    data read from "<paste PZCs.txt vac_HBEs.txt volmers.txt" u 1:2:3
        format = x:y:z
        #datapoints = 8
        residuals are weighted equally (unit weight)

function used for fitting: f2(x,y)
	f2(x,y)=f22*(-0.52*(x-4.4)+y)+f23
fitted parameters initialized with current variable values

iter      chisq       delta/lim  lambda   f22           f23          
   0 1.1231574175e+00   0.00e+00  7.83e-01    1.000000e+00   1.000000e+00
   4 1.8301823071e-02  -4.08e-09  7.83e-05    4.255263e-01   8.182455e-01

After 4 iterations the fit converged.
final sum of squares of residuals : 0.0183018
rel. change during last iteration : -4.07572e-14

degrees of freedom    (FIT_NDF)                        : 6
rms of residuals      (FIT_STDFIT) = sqrt(WSSR/ndf)    : 0.0552296
variance of residuals (reduced chisquare) = WSSR/ndf   : 0.0030503

Final set of parameters            Asymptotic Standard Error
=======================            ==========================
f22             = 0.425526         +/- 0.04327      (10.17%)
f23             = 0.818245         +/- 0.02054      (2.51%)

correlation matrix of the fit parameters:
                f22    f23    
f22             1.000 
f23            -0.310  1.000 


*******************************************************************************
Tue May 20 02:08:05 2025


FIT:    data read from "<paste PZCs.txt vac_HBEs.txt heyrovskys.txt" u 1:2:3
        format = x:y:z
        #datapoints = 8
        residuals are weighted equally (unit weight)

function used for fitting: g2(x,y)
	g2(x,y)=g22*(-0.52*(x-4.4)+y)+g23
fitted parameters initialized with current variable values

iter      chisq       delta/lim  lambda   g22           g23          
   0 4.9167802827e+00   0.00e+00  7.83e-01    1.000000e+00   1.000000e+00
   4 4.7481527380e-02  -1.63e-08  7.83e-05   -6.990513e-01   1.106129e+00

After 4 iterations the fit converged.
final sum of squares of residuals : 0.0474815
rel. change during last iteration : -1.63091e-13

degrees of freedom    (FIT_NDF)                        : 6
rms of residuals      (FIT_STDFIT) = sqrt(WSSR/ndf)    : 0.0889583
variance of residuals (reduced chisquare) = WSSR/ndf   : 0.00791359

Final set of parameters            Asymptotic Standard Error
=======================            ==========================
g22             = -0.699051        +/- 0.06969      (9.969%)
g23             = 1.10613          +/- 0.03308      (2.991%)

correlation matrix of the fit parameters:
                g22    g23    
g22             1.000 
g23            -0.310  1.000 


*******************************************************************************
Tue May 20 02:08:05 2025


FIT:    data read from "<paste PZCs.txt vac_HBEs.txt tafels.txt" u 1:2:3
        format = x:y:z
        #datapoints = 8
        residuals are weighted equally (unit weight)

function used for fitting: h2(x,y)
	h2(x,y)=h22*(-0.52*(x-4.4)+y)+h23
fitted parameters initialized with current variable values

iter      chisq       delta/lim  lambda   h22           h23          
   0 2.2666617460e+00   0.00e+00  7.83e-01    1.000000e+00   1.000000e+00
   3 2.2792424655e-01  -5.28e-01  7.83e-04    1.387152e-01   8.045778e-01

After 3 iterations the fit converged.
final sum of squares of residuals : 0.227924
rel. change during last iteration : -5.27972e-06

degrees of freedom    (FIT_NDF)                        : 6
rms of residuals      (FIT_STDFIT) = sqrt(WSSR/ndf)    : 0.194904
variance of residuals (reduced chisquare) = WSSR/ndf   : 0.0379874

Final set of parameters            Asymptotic Standard Error
=======================            ==========================
h22             = 0.138715         +/- 0.1527       (110.1%)
h23             = 0.804578         +/- 0.07248      (9.008%)

correlation matrix of the fit parameters:
                h22    h23    
h22             1.000 
h23            -0.310  1.000 


*******************************************************************************
Tue May 20 02:08:41 2025


FIT:    data read from "<paste PZCs.txt vac_HBEs.txt volmers.txt" u 1:2:3
        format = x:y:z
        #datapoints = 8
        residuals are weighted equally (unit weight)

function used for fitting: f2(x,y)
	f2(x,y)=f22*(-0.52*(x-4.4)+y)+f23
fitted parameters initialized with current variable values

iter      chisq       delta/lim  lambda   f22           f23          
   0 1.1231574175e+00   0.00e+00  7.83e-01    1.000000e+00   1.000000e+00
   4 1.8301823071e-02  -4.08e-09  7.83e-05    4.255263e-01   8.182455e-01

After 4 iterations the fit converged.
final sum of squares of residuals : 0.0183018
rel. change during last iteration : -4.07572e-14

degrees of freedom    (FIT_NDF)                        : 6
rms of residuals      (FIT_STDFIT) = sqrt(WSSR/ndf)    : 0.0552296
variance of residuals (reduced chisquare) = WSSR/ndf   : 0.0030503

Final set of parameters            Asymptotic Standard Error
=======================            ==========================
f22             = 0.425526         +/- 0.04327      (10.17%)
f23             = 0.818245         +/- 0.02054      (2.51%)

correlation matrix of the fit parameters:
                f22    f23    
f22             1.000 
f23            -0.310  1.000 


*******************************************************************************
Tue May 20 02:08:41 2025


FIT:    data read from "<paste PZCs.txt vac_HBEs.txt heyrovskys.txt" u 1:2:3
        format = x:y:z
        #datapoints = 8
        residuals are weighted equally (unit weight)

function used for fitting: g2(x,y)
	g2(x,y)=g22*(-0.52*(x-4.4)+y)+g23
fitted parameters initialized with current variable values

iter      chisq       delta/lim  lambda   g22           g23          
   0 4.9167802827e+00   0.00e+00  7.83e-01    1.000000e+00   1.000000e+00
   4 4.7481527380e-02  -1.63e-08  7.83e-05   -6.990513e-01   1.106129e+00

After 4 iterations the fit converged.
final sum of squares of residuals : 0.0474815
rel. change during last iteration : -1.63091e-13

degrees of freedom    (FIT_NDF)                        : 6
rms of residuals      (FIT_STDFIT) = sqrt(WSSR/ndf)    : 0.0889583
variance of residuals (reduced chisquare) = WSSR/ndf   : 0.00791359

Final set of parameters            Asymptotic Standard Error
=======================            ==========================
g22             = -0.699051        +/- 0.06969      (9.969%)
g23             = 1.10613          +/- 0.03308      (2.991%)

correlation matrix of the fit parameters:
                g22    g23    
g22             1.000 
g23            -0.310  1.000 


*******************************************************************************
Tue May 20 02:08:41 2025


FIT:    data read from "<paste PZCs.txt vac_HBEs.txt tafels.txt" u 1:2:3
        format = x:y:z
        #datapoints = 8
        residuals are weighted equally (unit weight)

function used for fitting: h2(x,y)
	h2(x,y)=h22*(-0.52*(x-4.4)+y)+h23
fitted parameters initialized with current variable values

iter      chisq       delta/lim  lambda   h22           h23          
   0 2.2666617460e+00   0.00e+00  7.83e-01    1.000000e+00   1.000000e+00
   3 2.2792424655e-01  -5.28e-01  7.83e-04    1.387152e-01   8.045778e-01

After 3 iterations the fit converged.
final sum of squares of residuals : 0.227924
rel. change during last iteration : -5.27972e-06

degrees of freedom    (FIT_NDF)                        : 6
rms of residuals      (FIT_STDFIT) = sqrt(WSSR/ndf)    : 0.194904
variance of residuals (reduced chisquare) = WSSR/ndf   : 0.0379874

Final set of parameters            Asymptotic Standard Error
=======================            ==========================
h22             = 0.138715         +/- 0.1527       (110.1%)
h23             = 0.804578         +/- 0.07248      (9.008%)

correlation matrix of the fit parameters:
                h22    h23    
h22             1.000 
h23            -0.310  1.000 


*******************************************************************************
Tue May 20 03:36:16 2025


FIT:    data read from "<paste PZCs.txt vac_HBEs.txt volmers.txt" u 1:2:3
        format = x:y:z
        #datapoints = 8
        residuals are weighted equally (unit weight)

function used for fitting: f2(x,y)
	f2(x,y)=f22*(-0.52*(x-4.4)+y)+f23
fitted parameters initialized with current variable values

iter      chisq       delta/lim  lambda   f22           f23          
   0 1.1231574175e+00   0.00e+00  7.83e-01    1.000000e+00   1.000000e+00
   4 1.8301823071e-02  -4.08e-09  7.83e-05    4.255263e-01   8.182455e-01

After 4 iterations the fit converged.
final sum of squares of residuals : 0.0183018
rel. change during last iteration : -4.07572e-14

degrees of freedom    (FIT_NDF)                        : 6
rms of residuals      (FIT_STDFIT) = sqrt(WSSR/ndf)    : 0.0552296
variance of residuals (reduced chisquare) = WSSR/ndf   : 0.0030503

Final set of parameters            Asymptotic Standard Error
=======================            ==========================
f22             = 0.425526         +/- 0.04327      (10.17%)
f23             = 0.818245         +/- 0.02054      (2.51%)

correlation matrix of the fit parameters:
                f22    f23    
f22             1.000 
f23            -0.310  1.000 


*******************************************************************************
Tue May 20 03:36:16 2025


FIT:    data read from "<paste PZCs.txt vac_HBEs.txt heyrovskys.txt" u 1:2:3
        format = x:y:z
        #datapoints = 8
        residuals are weighted equally (unit weight)

function used for fitting: g2(x,y)
	g2(x,y)=g22*(-0.52*(x-4.4)+y)+g23
fitted parameters initialized with current variable values

iter      chisq       delta/lim  lambda   g22           g23          
   0 4.9167802827e+00   0.00e+00  7.83e-01    1.000000e+00   1.000000e+00
   4 4.7481527380e-02  -1.63e-08  7.83e-05   -6.990513e-01   1.106129e+00

After 4 iterations the fit converged.
final sum of squares of residuals : 0.0474815
rel. change during last iteration : -1.63091e-13

degrees of freedom    (FIT_NDF)                        : 6
rms of residuals      (FIT_STDFIT) = sqrt(WSSR/ndf)    : 0.0889583
variance of residuals (reduced chisquare) = WSSR/ndf   : 0.00791359

Final set of parameters            Asymptotic Standard Error
=======================            ==========================
g22             = -0.699051        +/- 0.06969      (9.969%)
g23             = 1.10613          +/- 0.03308      (2.991%)

correlation matrix of the fit parameters:
                g22    g23    
g22             1.000 
g23            -0.310  1.000 


*******************************************************************************
Tue May 20 03:36:16 2025


FIT:    data read from "<paste PZCs.txt vac_HBEs.txt tafels.txt" u 1:2:3
        format = x:y:z
        #datapoints = 8
        residuals are weighted equally (unit weight)

function used for fitting: h2(x,y)
	h2(x,y)=h22*(-0.52*(x-4.4)+y)+h23
fitted parameters initialized with current variable values

iter      chisq       delta/lim  lambda   h22           h23          
   0 2.2666617460e+00   0.00e+00  7.83e-01    1.000000e+00   1.000000e+00
   3 2.2792424655e-01  -5.28e-01  7.83e-04    1.387152e-01   8.045778e-01

After 3 iterations the fit converged.
final sum of squares of residuals : 0.227924
rel. change during last iteration : -5.27972e-06

degrees of freedom    (FIT_NDF)                        : 6
rms of residuals      (FIT_STDFIT) = sqrt(WSSR/ndf)    : 0.194904
variance of residuals (reduced chisquare) = WSSR/ndf   : 0.0379874

Final set of parameters            Asymptotic Standard Error
=======================            ==========================
h22             = 0.138715         +/- 0.1527       (110.1%)
h23             = 0.804578         +/- 0.07248      (9.008%)

correlation matrix of the fit parameters:
                h22    h23    
h22             1.000 
h23            -0.310  1.000 


*******************************************************************************
Wed May 28 00:09:32 2025


FIT:    data read from "<paste PZCs.txt vac_HBEs.txt volmers.txt" u 1:2:3
        format = x:y:z
        #datapoints = 8
        residuals are weighted equally (unit weight)

function used for fitting: f2(x,y)
	f2(x,y)=f22*(-0.52*(x-4.4)+y)+f23
fitted parameters initialized with current variable values

iter      chisq       delta/lim  lambda   f22           f23          
   0 1.1263819169e+00   0.00e+00  7.83e-01    1.000000e+00   1.000000e+00
   4 2.0598004935e-02  -3.69e-09  7.83e-05    4.204648e-01   8.210140e-01

After 4 iterations the fit converged.
final sum of squares of residuals : 0.020598
rel. change during last iteration : -3.68875e-14

degrees of freedom    (FIT_NDF)                        : 6
rms of residuals      (FIT_STDFIT) = sqrt(WSSR/ndf)    : 0.0585918
variance of residuals (reduced chisquare) = WSSR/ndf   : 0.003433

Final set of parameters            Asymptotic Standard Error
=======================            ==========================
f22             = 0.420465         +/- 0.0459       (10.92%)
f23             = 0.821014         +/- 0.02179      (2.654%)

correlation matrix of the fit parameters:
                f22    f23    
f22             1.000 
f23            -0.310  1.000 


*******************************************************************************
Wed May 28 00:09:32 2025


FIT:    data read from "<paste PZCs.txt vac_HBEs.txt heyrovskys.txt" u 1:2:3
        format = x:y:z
        #datapoints = 8
        residuals are weighted equally (unit weight)

function used for fitting: g2(x,y)
	g2(x,y)=g22*(-0.52*(x-4.4)+y)+g23
fitted parameters initialized with current variable values

iter      chisq       delta/lim  lambda   g22           g23          
   0 4.9167802827e+00   0.00e+00  7.83e-01    1.000000e+00   1.000000e+00
   4 4.7481527380e-02  -1.63e-08  7.83e-05   -6.990513e-01   1.106129e+00

After 4 iterations the fit converged.
final sum of squares of residuals : 0.0474815
rel. change during last iteration : -1.63091e-13

degrees of freedom    (FIT_NDF)                        : 6
rms of residuals      (FIT_STDFIT) = sqrt(WSSR/ndf)    : 0.0889583
variance of residuals (reduced chisquare) = WSSR/ndf   : 0.00791359

Final set of parameters            Asymptotic Standard Error
=======================            ==========================
g22             = -0.699051        +/- 0.06969      (9.969%)
g23             = 1.10613          +/- 0.03308      (2.991%)

correlation matrix of the fit parameters:
                g22    g23    
g22             1.000 
g23            -0.310  1.000 


*******************************************************************************
Wed May 28 00:09:32 2025


FIT:    data read from "<paste PZCs.txt vac_HBEs.txt tafels.txt" u 1:2:3
        format = x:y:z
        #datapoints = 8
        residuals are weighted equally (unit weight)

function used for fitting: h2(x,y)
	h2(x,y)=h22*(-0.52*(x-4.4)+y)+h23
fitted parameters initialized with current variable values

iter      chisq       delta/lim  lambda   h22           h23          
   0 2.2145010822e+00   0.00e+00  7.83e-01    1.000000e+00   1.000000e+00
   3 1.9485526097e-01  -7.31e-01  7.83e-04    7.547155e-02   8.560561e-01

After 3 iterations the fit converged.
final sum of squares of residuals : 0.194855
rel. change during last iteration : -7.30591e-06

degrees of freedom    (FIT_NDF)                        : 6
rms of residuals      (FIT_STDFIT) = sqrt(WSSR/ndf)    : 0.180211
variance of residuals (reduced chisquare) = WSSR/ndf   : 0.0324759

Final set of parameters            Asymptotic Standard Error
=======================            ==========================
h22             = 0.0754715        +/- 0.1412       (187.1%)
h23             = 0.856056         +/- 0.06701      (7.828%)

correlation matrix of the fit parameters:
                h22    h23    
h22             1.000 
h23            -0.310  1.000 


*******************************************************************************
Wed May 28 22:42:20 2025


FIT:    data read from "<paste PZCs.txt vac_HBEs.txt volmers.txt" u 1:2:3
        format = x:y:z
        #datapoints = 8
        residuals are weighted equally (unit weight)

function used for fitting: f2(x,y)
	f2(x,y)=f22*(-0.52*(x-4.4)+y)+f23
fitted parameters initialized with current variable values

iter      chisq       delta/lim  lambda   f22           f23          
   0 1.1263819169e+00   0.00e+00  7.83e-01    1.000000e+00   1.000000e+00
   4 2.0598004935e-02  -3.69e-09  7.83e-05    4.204648e-01   8.210140e-01

After 4 iterations the fit converged.
final sum of squares of residuals : 0.020598
rel. change during last iteration : -3.68875e-14

degrees of freedom    (FIT_NDF)                        : 6
rms of residuals      (FIT_STDFIT) = sqrt(WSSR/ndf)    : 0.0585918
variance of residuals (reduced chisquare) = WSSR/ndf   : 0.003433

Final set of parameters            Asymptotic Standard Error
=======================            ==========================
f22             = 0.420465         +/- 0.0459       (10.92%)
f23             = 0.821014         +/- 0.02179      (2.654%)

correlation matrix of the fit parameters:
                f22    f23    
f22             1.000 
f23            -0.310  1.000 


*******************************************************************************
Wed May 28 22:42:20 2025


FIT:    data read from "<paste PZCs.txt vac_HBEs.txt heyrovskys.txt" u 1:2:3
        format = x:y:z
        #datapoints = 8
        residuals are weighted equally (unit weight)

function used for fitting: g2(x,y)
	g2(x,y)=g22*(-0.52*(x-4.4)+y)+g23
fitted parameters initialized with current variable values

iter      chisq       delta/lim  lambda   g22           g23          
   0 4.9167802827e+00   0.00e+00  7.83e-01    1.000000e+00   1.000000e+00
   4 4.7481527380e-02  -1.63e-08  7.83e-05   -6.990513e-01   1.106129e+00

After 4 iterations the fit converged.
final sum of squares of residuals : 0.0474815
rel. change during last iteration : -1.63091e-13

degrees of freedom    (FIT_NDF)                        : 6
rms of residuals      (FIT_STDFIT) = sqrt(WSSR/ndf)    : 0.0889583
variance of residuals (reduced chisquare) = WSSR/ndf   : 0.00791359

Final set of parameters            Asymptotic Standard Error
=======================            ==========================
g22             = -0.699051        +/- 0.06969      (9.969%)
g23             = 1.10613          +/- 0.03308      (2.991%)

correlation matrix of the fit parameters:
                g22    g23    
g22             1.000 
g23            -0.310  1.000 


*******************************************************************************
Wed May 28 22:42:20 2025


FIT:    data read from "<paste PZCs.txt vac_HBEs.txt tafels.txt" u 1:2:3
        format = x:y:z
        #datapoints = 8
        residuals are weighted equally (unit weight)

function used for fitting: h2(x,y)
	h2(x,y)=h22*(-0.52*(x-4.4)+y)+h23
fitted parameters initialized with current variable values

iter      chisq       delta/lim  lambda   h22           h23          
   0 2.2145010822e+00   0.00e+00  7.83e-01    1.000000e+00   1.000000e+00
   3 1.9485526097e-01  -7.31e-01  7.83e-04    7.547155e-02   8.560561e-01

After 3 iterations the fit converged.
final sum of squares of residuals : 0.194855
rel. change during last iteration : -7.30591e-06

degrees of freedom    (FIT_NDF)                        : 6
rms of residuals      (FIT_STDFIT) = sqrt(WSSR/ndf)    : 0.180211
variance of residuals (reduced chisquare) = WSSR/ndf   : 0.0324759

Final set of parameters            Asymptotic Standard Error
=======================            ==========================
h22             = 0.0754715        +/- 0.1412       (187.1%)
h23             = 0.856056         +/- 0.06701      (7.828%)

correlation matrix of the fit parameters:
                h22    h23    
h22             1.000 
h23            -0.310  1.000 
